<?xml version="1.0" encoding="UTF-8"?>
<!-- Generated by org.testng.reporters.JUnitXMLReporter -->
<testsuite hostname="sanupindi" ignored="4" name="Sanity Test Run for factorial Test" tests="3" failures="0" timestamp="2020-11-24T12:47:21 EST" time="21.735" errors="0">
  <testcase name="verifyTitle" time="0.012" classname="com.factorial.qa.tests.FactorialTest"/>
  <testcase name="verifyConditionsLinkTest" time="0.189" classname="com.factorial.qa.tests.FactorialTest"/>
  <testcase name="verifyPrivacyLinkTest" time="0.133" classname="com.factorial.qa.tests.FactorialTest"/>
  <testcase name="verifyError" time="0.0" classname="com.factorial.qa.tests.FactorialTest">
    <ignored/>
  </testcase> <!-- verifyError -->
  <testcase name="verifyText" time="0.0" classname="com.factorial.qa.tests.FactorialTest">
    <ignored/>
  </testcase> <!-- verifyText -->
  <testcase name="verifyButton" time="0.0" classname="com.factorial.qa.tests.FactorialTest">
    <ignored/>
  </testcase> <!-- verifyButton -->
  <testcase name="verifyOutput1" time="0.0" classname="com.factorial.qa.tests.FactorialTest">
    <ignored/>
  </testcase> <!-- verifyOutput1 -->
</testsuite> <!-- Sanity Test Run for factorial Test -->
