<?xml version="1.0" encoding="UTF-8"?>
<!-- Generated by org.testng.reporters.JUnitXMLReporter -->
<testsuite hostname="sanupindi" ignored="0" name="Default test" tests="7" failures="0" timestamp="2020-11-24T11:57:36 EST" time="63.384" errors="0">
  <testcase name="verifyTitle" time="0.017" classname="com.factorial.qa.tests.FactorialTest"/>
  <testcase name="verifyText" time="0.264" classname="com.factorial.qa.tests.FactorialTest"/>
  <testcase name="verifyButton" time="0.11" classname="com.factorial.qa.tests.FactorialTest"/>
  <testcase name="verifyError" time="0.304" classname="com.factorial.qa.tests.FactorialTest"/>
  <testcase name="verifyOutput1" time="0.382" classname="com.factorial.qa.tests.FactorialTest"/>
  <testcase name="verifyConditionsLinkTest" time="0.276" classname="com.factorial.qa.tests.FactorialTest"/>
  <testcase name="verifyPrivacyLinkTest" time="0.248" classname="com.factorial.qa.tests.FactorialTest"/>
</testsuite> <!-- Default test -->
